<?xml version="1.0" encoding="UTF-8"?>
<!-- Generated by org.testng.reporters.JUnitReportReporter -->
<testsuite ignored="0" hostname="LIN51014513" failures="0" tests="2" name="GET.GetMethod" time="2.209" errors="0" timestamp="03 Aug 2021 09:01:15 GMT" skipped="0">
  <testcase classname="GET.GetMethod" name="postmethod" time="0.809"/>
  <testcase classname="GET.GetMethod" name="getmethod" time="1.400"/>
</testsuite> <!-- GET.GetMethod -->
