<?xml version="1.0" encoding="UTF-8"?>
<!-- Generated by org.testng.reporters.JUnitReportReporter -->
<testsuite ignored="0" hostname="LIN51014513" failures="0" tests="4" name="Testcases.GetMethod" time="3.654" errors="0" timestamp="03 Aug 2021 09:25:56 GMT" skipped="0">
  <testcase classname="Testcases.GetMethod" name="getmethod2" time="0.536"/>
  <testcase classname="Testcases.GetMethod" name="getmethod4" time="0.892"/>
  <testcase classname="Testcases.GetMethod" name="getmethod3" time="0.425"/>
  <testcase classname="Testcases.GetMethod" name="getmethod1" time="1.801"/>
</testsuite> <!-- Testcases.GetMethod -->
