<?xml version="1.0" encoding="UTF-8"?>
<!-- Generated by org.testng.reporters.JUnitReportReporter -->
<testsuite ignored="0" hostname="LIN51014513" failures="0" tests="5" name="Testcases.Testcase" time="3.751" errors="0" timestamp="11 Aug 2021 10:02:56 GMT" skipped="0">
  <testcase classname="Testcases.Testcase" name="getmethod4" time="0.901"/>
  <testcase classname="Testcases.Testcase" name="getmethod5" time="0.289"/>
  <testcase classname="Testcases.Testcase" name="getmethod2" time="0.356"/>
  <testcase classname="Testcases.Testcase" name="getmethod1" time="1.860"/>
  <testcase classname="Testcases.Testcase" name="getmethod3" time="0.345"/>
</testsuite> <!-- Testcases.Testcase -->
