<?xml version="1.0" encoding="UTF-8"?>
<!-- Generated by org.testng.reporters.JUnitReportReporter -->
<testsuite hostname="LIN51014513" failures="0" tests="1" name="com.herokuapp.rest.GetBookingIdtest2postonedata" time="7.918" errors="0" timestamp="2021-08-14T19:46:01 IST" skipped="0">
  <testcase classname="com.herokuapp.rest.GetBookingIdtest2postonedata" name="CreateBookingTestpost" time="7.918"/>
  <system-out/>
</testsuite> <!-- com.herokuapp.rest.GetBookingIdtest2postonedata -->
