<?xml version="1.0" encoding="UTF-8"?>
<!-- Generated by org.testng.reporters.JUnitReportReporter -->
<testsuite hostname="LIN51014513" failures="0" tests="1" name="com.herokuapp.rest.GetHealthTest" time="3.440" errors="0" timestamp="2021-08-14T16:12:24 IST" skipped="0">
  <testcase classname="com.herokuapp.rest.GetHealthTest" name="healthGetMethod" time="3.440"/>
  <system-out/>
</testsuite> <!-- com.herokuapp.rest.GetHealthTest -->
