<?xml version="1.0" encoding="UTF-8"?>
<!-- Generated by org.testng.reporters.JUnitReportReporter -->
<testsuite hostname="LIN51014513" failures="0" tests="1" name="com.herokuapp.rest.GetBookingIdtest2" time="2.711" errors="0" timestamp="2021-08-14T18:03:34 IST" skipped="0">
  <testcase classname="com.herokuapp.rest.GetBookingIdtest2" name="CreateBookingTest" time="2.711"/>
  <system-out/>
</testsuite> <!-- com.herokuapp.rest.GetBookingIdtest2 -->
