<?xml version="1.0" encoding="UTF-8"?>
<!-- Generated by org.testng.reporters.JUnitReportReporter -->
<testsuite hostname="LIN51014513" failures="0" tests="1" name="com.herokuapp.rest.GetBookingIdtest3getverifydata" time="4.008" errors="0" timestamp="2021-08-14T19:39:09 IST" skipped="0">
  <testcase classname="com.herokuapp.rest.GetBookingIdtest3getverifydata" name="getBookingIdFilterTest" time="4.008"/>
  <system-out/>
</testsuite> <!-- com.herokuapp.rest.GetBookingIdtest3getverifydata -->
