<?xml version="1.0" encoding="UTF-8"?>
<!-- Generated by org.testng.reporters.JUnitReportReporter -->
<testsuite hostname="LIN51014513" failures="0" tests="1" name="com.herokuapp.restfulbooker.UpdateBookingTests" time="6.045" errors="0" timestamp="2021-08-15T00:50:51 IST" skipped="0">
  <testcase classname="com.herokuapp.restfulbooker.UpdateBookingTests" name="UpdatebookingTest" time="6.045"/>
  <system-out/>
</testsuite> <!-- com.herokuapp.restfulbooker.UpdateBookingTests -->
