<?xml version="1.0" encoding="UTF-8"?>
<!-- Generated by org.testng.reporters.JUnitReportReporter -->
<testsuite hostname="LIN51014513" failures="0" tests="1" name="com.herokuapp.restfulbooker.GetBookingIdsTest" time="3.635" errors="0" timestamp="2021-08-15T00:48:20 IST" skipped="0">
  <testcase classname="com.herokuapp.restfulbooker.GetBookingIdsTest" name="getBookingIdWithoutFilterTest" time="3.635"/>
  <system-out/>
</testsuite> <!-- com.herokuapp.restfulbooker.GetBookingIdsTest -->
