<?xml version="1.0" encoding="UTF-8"?>
<!-- Generated by org.testng.reporters.JUnitReportReporter -->
<testsuite hostname="LIN51014513" failures="0" tests="1" name="com.herokuapp.restfulbooker.CreateBookingTests" time="3.948" errors="0" timestamp="2021-08-14T21:50:40 IST" skipped="0">
  <testcase classname="com.herokuapp.restfulbooker.CreateBookingTests" name="createBookingTest" time="3.948"/>
  <system-out/>
</testsuite> <!-- com.herokuapp.restfulbooker.CreateBookingTests -->
