<?xml version="1.0" encoding="UTF-8"?>
<!-- Generated by org.testng.reporters.JUnitReportReporter -->
<testsuite hostname="LIN51014513" failures="0" tests="1" name="com.herokuapp.restfulbooker.HealthCheck" time="3.157" errors="0" timestamp="2021-08-14T20:20:45 IST" skipped="0">
  <testcase classname="com.herokuapp.restfulbooker.HealthCheck" name="healthcheckTest" time="3.157"/>
  <system-out/>
</testsuite> <!-- com.herokuapp.restfulbooker.HealthCheck -->
