<?xml version="1.0" encoding="UTF-8"?>
<!-- Generated by org.testng.reporters.JUnitReportReporter -->
<testsuite hostname="LIN51014513" failures="0" tests="1" name="com.herokuapp.restfulbooker.partialBookingTest" time="4.870" errors="0" timestamp="2021-08-15T01:21:32 IST" skipped="0">
  <testcase classname="com.herokuapp.restfulbooker.partialBookingTest" name="newcreateBookingTest" time="4.870"/>
  <system-out/>
</testsuite> <!-- com.herokuapp.restfulbooker.partialBookingTest -->
