<?xml version="1.0" encoding="UTF-8"?>
<!-- Generated by org.testng.reporters.JUnitReportReporter -->
<testsuite hostname="LIN51014513" failures="0" tests="1" name="com.herokuapp.restfulbooker.GetBookingTests" time="3.538" errors="0" timestamp="2021-08-15T00:50:09 IST" skipped="0">
  <testcase classname="com.herokuapp.restfulbooker.GetBookingTests" name="getBookingIdTest" time="3.538"/>
  <system-out/>
</testsuite> <!-- com.herokuapp.restfulbooker.GetBookingTests -->
