<?xml version="1.0" encoding="UTF-8"?>
<!-- Generated by org.testng.reporters.JUnitReportReporter -->
<testsuite ignored="0" hostname="LIN51014513" failures="0" tests="1" name="Testclass.postutils" time="1.301" errors="0" timestamp="06 Aug 2021 15:04:05 GMT" skipped="0">
  <testcase classname="Testclass.postutils" name="getmethod" time="1.301"/>
</testsuite> <!-- Testclass.postutils -->
